<?xml version="1.0" encoding="UTF-8"?>
<!-- Generated by org.testng.reporters.JUnitReportReporter -->
<testsuite hostname="DESKTOP-4VSMM3J" name="org.testyantra.com.AmazonAndFlipkart.ComparePriceTest" tests="1" failures="0" timestamp="16 Jan 2020 11:09:17 GMT" time="74.058" errors="0">
  <testcase name="comparePriceTest" time="74.058" classname="org.testyantra.com.AmazonAndFlipkart.ComparePriceTest"/>
</testsuite> <!-- org.testyantra.com.AmazonAndFlipkart.ComparePriceTest -->
